{
  "stats": {
    "suites": 70,
    "tests": 183,
    "passes": 172,
    "pending": 0,
    "failures": 11,
    "start": "2020-07-05T12:56:35.859Z",
    "end": "2020-07-05T12:56:35.859Z",
    "duration": 3482575,
    "testsRegistered": 183,
    "passPercent": 93.98907103825137,
    "pendingPercent": 0,
    "other": 0,
    "hasOther": false,
    "skipped": 0,
    "hasSkipped": false
  },
  "results": [
    {
      "uuid": "22211ed4-0f87-4e79-b9f0-c7d5ca33512e",
      "title": "",
      "fullFile": "cypress\\integration\\1st_folder\\2.js",
      "file": "cypress\\integration\\1st_folder\\2.js",
      "beforeHooks": [],
      "afterHooks": [],
      "tests": [],
      "suites": [
        {
          "uuid": "d44bbef1-9554-4567-9060-84ddf92dd3e1",
          "title": "hello",
          "fullFile": "",
          "file": "",
          "beforeHooks": [],
          "afterHooks": [],
          "tests": [
            {
              "title": "hi",
              "fullTitle": "hello hi",
              "timedOut": null,
              "duration": 10778,
              "state": "passed",
              "speed": "slow",
              "pass": true,
              "fail": false,
              "pending": false,
              "context": null,
              "code": "cy.visit('https://admin-demo.nopcommerce.com/login');",
              "err": {},
              "uuid": "abcc7470-bdcd-41fc-b12e-8dc8f3848732",
              "parentUUID": "d44bbef1-9554-4567-9060-84ddf92dd3e1",
              "isHook": false,
              "skipped": false
            }
          ],
          "suites": [],
          "passes": [
            "abcc7470-bdcd-41fc-b12e-8dc8f3848732"
          ],
          "failures": [],
          "pending": [],
          "skipped": [],
          "duration": 10778,
          "root": false,
          "rootEmpty": false,
          "_timeout": 2000
        }
      ],
      "passes": [],
      "failures": [],
      "pending": [],
      "skipped": [],
      "duration": 0,
      "root": true,
      "rootEmpty": true,
      "_timeout": 2000
    },
    {
      "uuid": "26f63c0d-8dae-4c21-99ad-b1b821004a70",
      "title": "",
      "fullFile": "cypress\\integration\\1st_Try_test.js",
      "file": "cypress\\integration\\1st_Try_test.js",
      "beforeHooks": [],
      "afterHooks": [],
      "tests": [],
      "suites": [
        {
          "uuid": "83664ff4-c703-4031-9cac-149ff35f4edd",
          "title": "My First Test",
          "fullFile": "",
          "file": "",
          "beforeHooks": [],
          "afterHooks": [],
          "tests": [
            {
              "title": "Verifying  Title",
              "fullTitle": "My First Test Verifying  Title",
              "timedOut": null,
              "duration": 37047,
              "state": "failed",
              "speed": null,
              "pass": false,
              "fail": true,
              "pending": false,
              "context": null,
              "code": "cy.visit('https://www.ict.gnu.ac.in/');\ncy.title().should('eq', 'Ganpat University Institute of 1234 Computer Technology');",
              "err": {
                "message": "AssertionError: Timed out retrying: expected 'Ganpat University Institute of Computer Technology' to equal 'Ganpat University Institute of 1234 Computer Technology'",
                "estack": "AssertionError: Timed out retrying: expected 'Ganpat University Institute of Computer Technology' to equal 'Ganpat University Institute of 1234 Computer Technology'\n    at Context.eval (https://www.ict.gnu.ac.in/__cypress/tests?p=cypress\\integration\\1st_Try_test.js:7:16)",
                "diff": "- 'Ganpat University Institute of Computer Technology'\n+ 'Ganpat University Institute of 1234 Computer Technology'\n"
              },
              "uuid": "7fe55250-e409-41ba-96f9-b31790f35808",
              "parentUUID": "83664ff4-c703-4031-9cac-149ff35f4edd",
              "isHook": false,
              "skipped": false
            }
          ],
          "suites": [],
          "passes": [],
          "failures": [
            "7fe55250-e409-41ba-96f9-b31790f35808"
          ],
          "pending": [],
          "skipped": [],
          "duration": 37047,
          "root": false,
          "rootEmpty": false,
          "_timeout": 2000
        }
      ],
      "passes": [],
      "failures": [],
      "pending": [],
      "skipped": [],
      "duration": 0,
      "root": true,
      "rootEmpty": true,
      "_timeout": 2000
    },
    {
      "uuid": "faf88450-eeb7-4cb3-a022-3f7afb8c1d73",
      "title": "",
      "fullFile": "cypress\\integration\\2nd_folder\\3.js",
      "file": "cypress\\integration\\2nd_folder\\3.js",
      "beforeHooks": [],
      "afterHooks": [],
      "tests": [],
      "suites": [
        {
          "uuid": "788f4127-a69b-4c57-a626-2a03b6bd1e23",
          "title": "hello",
          "fullFile": "",
          "file": "",
          "beforeHooks": [],
          "afterHooks": [],
          "tests": [
            {
              "title": "hi",
              "fullTitle": "hello hi",
              "timedOut": null,
              "duration": 21377,
              "state": "passed",
              "speed": "slow",
              "pass": true,
              "fail": false,
              "pending": false,
              "context": null,
              "code": "cy.visit('https://www.amazon.in/');",
              "err": {},
              "uuid": "2bedbc28-3471-4a4c-87cd-6c14ec097632",
              "parentUUID": "788f4127-a69b-4c57-a626-2a03b6bd1e23",
              "isHook": false,
              "skipped": false
            }
          ],
          "suites": [],
          "passes": [
            "2bedbc28-3471-4a4c-87cd-6c14ec097632"
          ],
          "failures": [],
          "pending": [],
          "skipped": [],
          "duration": 21377,
          "root": false,
          "rootEmpty": false,
          "_timeout": 2000
        }
      ],
      "passes": [],
      "failures": [],
      "pending": [],
      "skipped": [],
      "duration": 0,
      "root": true,
      "rootEmpty": true,
      "_timeout": 2000
    },
    {
      "uuid": "3647b0ec-d8f6-4c2d-969c-27be702d4a02",
      "title": "",
      "fullFile": "cypress\\integration\\2nd_folder\\4.js",
      "file": "cypress\\integration\\2nd_folder\\4.js",
      "beforeHooks": [],
      "afterHooks": [],
      "tests": [],
      "suites": [
        {
          "uuid": "6e48219f-3d1d-4ca2-a513-1f61f809b51f",
          "title": "hello",
          "fullFile": "",
          "file": "",
          "beforeHooks": [],
          "afterHooks": [],
          "tests": [
            {
              "title": "hi",
              "fullTitle": "hello hi",
              "timedOut": null,
              "duration": 42721,
              "state": "passed",
              "speed": "slow",
              "pass": true,
              "fail": false,
              "pending": false,
              "context": null,
              "code": "cy.visit('https://www.google.com/');",
              "err": {},
              "uuid": "140c0662-817a-472f-b233-382b298517e0",
              "parentUUID": "6e48219f-3d1d-4ca2-a513-1f61f809b51f",
              "isHook": false,
              "skipped": false
            }
          ],
          "suites": [],
          "passes": [
            "140c0662-817a-472f-b233-382b298517e0"
          ],
          "failures": [],
          "pending": [],
          "skipped": [],
          "duration": 42721,
          "root": false,
          "rootEmpty": false,
          "_timeout": 2000
        }
      ],
      "passes": [],
      "failures": [],
      "pending": [],
      "skipped": [],
      "duration": 0,
      "root": true,
      "rootEmpty": true,
      "_timeout": 2000
    },
    {
      "uuid": "2fba22dc-cc50-40db-b5c5-87b950e13b90",
      "title": "",
      "fullFile": "cypress\\integration\\3rd_folder\\5st.js",
      "file": "cypress\\integration\\3rd_folder\\5st.js",
      "beforeHooks": [],
      "afterHooks": [],
      "tests": [],
      "suites": [
        {
          "uuid": "5a647295-087e-422d-9a2c-63af5566ccc8",
          "title": "hello",
          "fullFile": "",
          "file": "",
          "beforeHooks": [],
          "afterHooks": [],
          "tests": [
            {
              "title": "hi",
              "fullTitle": "hello hi",
              "timedOut": null,
              "duration": 24236,
              "state": "passed",
              "speed": "slow",
              "pass": true,
              "fail": false,
              "pending": false,
              "context": null,
              "code": "cy.visit('http://automationpractice.com/index.php');",
              "err": {},
              "uuid": "712c3f25-bbbe-431d-82cd-8d670dbf8a8c",
              "parentUUID": "5a647295-087e-422d-9a2c-63af5566ccc8",
              "isHook": false,
              "skipped": false
            }
          ],
          "suites": [],
          "passes": [
            "712c3f25-bbbe-431d-82cd-8d670dbf8a8c"
          ],
          "failures": [],
          "pending": [],
          "skipped": [],
          "duration": 24236,
          "root": false,
          "rootEmpty": false,
          "_timeout": 2000
        }
      ],
      "passes": [],
      "failures": [],
      "pending": [],
      "skipped": [],
      "duration": 0,
      "root": true,
      "rootEmpty": true,
      "_timeout": 2000
    },
    {
      "uuid": "f1b5a05f-5072-4ea1-b6f3-5f32c188c98d",
      "title": "",
      "fullFile": "cypress\\integration\\3rd_folder\\6st.js",
      "file": "cypress\\integration\\3rd_folder\\6st.js",
      "beforeHooks": [],
      "afterHooks": [],
      "tests": [],
      "suites": [
        {
          "uuid": "91676cfb-87f0-48e2-93b6-cf7f52086f56",
          "title": "hello",
          "fullFile": "",
          "file": "",
          "beforeHooks": [],
          "afterHooks": [],
          "tests": [
            {
              "title": "hi",
              "fullTitle": "hello hi",
              "timedOut": null,
              "duration": 8016,
              "state": "passed",
              "speed": "slow",
              "pass": true,
              "fail": false,
              "pending": false,
              "context": null,
              "code": "cy.visit('https://admin-demo.nopcommerce.com/login');",
              "err": {},
              "uuid": "a0f86d3e-dd36-4cca-9973-7a27045f49a4",
              "parentUUID": "91676cfb-87f0-48e2-93b6-cf7f52086f56",
              "isHook": false,
              "skipped": false
            }
          ],
          "suites": [],
          "passes": [
            "a0f86d3e-dd36-4cca-9973-7a27045f49a4"
          ],
          "failures": [],
          "pending": [],
          "skipped": [],
          "duration": 8016,
          "root": false,
          "rootEmpty": false,
          "_timeout": 2000
        }
      ],
      "passes": [],
      "failures": [],
      "pending": [],
      "skipped": [],
      "duration": 0,
      "root": true,
      "rootEmpty": true,
      "_timeout": 2000
    },
    {
      "uuid": "110c5176-adba-4098-a82d-9f66fb582fe4",
      "title": "",
      "fullFile": "cypress\\integration\\examples\\10.js",
      "file": "cypress\\integration\\examples\\10.js",
      "beforeHooks": [],
      "afterHooks": [],
      "tests": [],
      "suites": [
        {
          "uuid": "271298ae-a311-4127-b7cd-c6ce109b6f36",
          "title": "cust cmd",
          "fullFile": "",
          "file": "",
          "beforeHooks": [],
          "afterHooks": [],
          "tests": [
            {
              "title": "login",
              "fullTitle": "cust cmd login",
              "timedOut": null,
              "duration": 47106,
              "state": "passed",
              "speed": "slow",
              "pass": true,
              "fail": false,
              "pending": false,
              "context": null,
              "code": "cy.visit('https://admin-demo.nopcommerce.com/login');\ncy.get('input[name=Email]').clear().type('admin@yourstore.com');\ncy.get('input[name=Password]').clear().type('admin');\ncy.get('[type=submit]').click();",
              "err": {},
              "uuid": "5184cdfe-dd96-458f-aac7-675eb865290e",
              "parentUUID": "271298ae-a311-4127-b7cd-c6ce109b6f36",
              "isHook": false,
              "skipped": false
            },
            {
              "title": "login_2",
              "fullTitle": "cust cmd login_2",
              "timedOut": null,
              "duration": 31308,
              "state": "passed",
              "speed": "slow",
              "pass": true,
              "fail": false,
              "pending": false,
              "context": null,
              "code": "cy.login('admin@yourstore.com', 'admin');",
              "err": {},
              "uuid": "fc1e0031-3986-4000-850a-95236f5d4511",
              "parentUUID": "271298ae-a311-4127-b7cd-c6ce109b6f36",
              "isHook": false,
              "skipped": false
            },
            {
              "title": "login_3",
              "fullTitle": "cust cmd login_3",
              "timedOut": null,
              "duration": 53431,
              "state": "passed",
              "speed": "slow",
              "pass": true,
              "fail": false,
              "pending": false,
              "context": null,
              "code": "cy.login('admin@yourstore.com', 'admin');",
              "err": {},
              "uuid": "bdd49bed-0979-44c1-87d9-b58c00e8514b",
              "parentUUID": "271298ae-a311-4127-b7cd-c6ce109b6f36",
              "isHook": false,
              "skipped": false
            }
          ],
          "suites": [],
          "passes": [
            "5184cdfe-dd96-458f-aac7-675eb865290e",
            "fc1e0031-3986-4000-850a-95236f5d4511",
            "bdd49bed-0979-44c1-87d9-b58c00e8514b"
          ],
          "failures": [],
          "pending": [],
          "skipped": [],
          "duration": 131845,
          "root": false,
          "rootEmpty": false,
          "_timeout": 2000
        }
      ],
      "passes": [],
      "failures": [],
      "pending": [],
      "skipped": [],
      "duration": 0,
      "root": true,
      "rootEmpty": true,
      "_timeout": 2000
    },
    {
      "uuid": "8b9d3623-d043-46a7-ba16-87982dd930e9",
      "title": "",
      "fullFile": "cypress\\integration\\examples\\11.js",
      "file": "cypress\\integration\\examples\\11.js",
      "beforeHooks": [],
      "afterHooks": [],
      "tests": [],
      "suites": [
        {
          "uuid": "678ebd04-6a3e-4cff-9efe-23dffddbc94b",
          "title": "test for POM",
          "fullFile": "",
          "file": "",
          "beforeHooks": [],
          "afterHooks": [],
          "tests": [
            {
              "title": "try",
              "fullTitle": "test for POM try",
              "timedOut": null,
              "duration": 44269,
              "state": "passed",
              "speed": "slow",
              "pass": true,
              "fail": false,
              "pending": false,
              "context": null,
              "code": "var lp = new _login[\"default\"]();\nlp.visit();\nlp.fillEmail('admin@yourstore.com');\nlp.fillpassword('admin');\nlp.submit();",
              "err": {},
              "uuid": "77acec25-2a5d-424f-8276-e14db9fc4aff",
              "parentUUID": "678ebd04-6a3e-4cff-9efe-23dffddbc94b",
              "isHook": false,
              "skipped": false
            }
          ],
          "suites": [],
          "passes": [
            "77acec25-2a5d-424f-8276-e14db9fc4aff"
          ],
          "failures": [],
          "pending": [],
          "skipped": [],
          "duration": 44269,
          "root": false,
          "rootEmpty": false,
          "_timeout": 2000
        }
      ],
      "passes": [],
      "failures": [],
      "pending": [],
      "skipped": [],
      "duration": 0,
      "root": true,
      "rootEmpty": true,
      "_timeout": 2000
    },
    {
      "uuid": "8ba4105e-d958-4fa1-b48f-1d5ab6ee4f02",
      "title": "",
      "fullFile": "cypress\\integration\\examples\\12_1.js",
      "file": "cypress\\integration\\examples\\12_1.js",
      "beforeHooks": [],
      "afterHooks": [],
      "tests": [],
      "suites": [
        {
          "uuid": "c035d9a1-34f7-4b65-b5ca-3017c50f6921",
          "title": "My First Test",
          "fullFile": "",
          "file": "",
          "beforeHooks": [],
          "afterHooks": [],
          "tests": [
            {
              "title": " headings",
              "fullTitle": "My First Test  headings",
              "timedOut": null,
              "duration": 20667,
              "state": "failed",
              "speed": null,
              "pass": false,
              "fail": true,
              "pending": false,
              "context": null,
              "code": "cy.visit('http://automationpractice.com/index.php?controller=order');\ncy.get('#product_price_1_4_0 > .price').should(function ($btn2) {\n  expect($btn2.text()).not.to.eq(txt);\n});",
              "err": {
                "message": "AssertionError: Timed out retrying: Expected to find element: `#product_price_1_4_0 > .price`, but never found it.",
                "estack": "AssertionError: Timed out retrying: Expected to find element: `#product_price_1_4_0 > .price`, but never found it.\n    at Context.eval (http://automationpractice.com/__cypress/tests?p=cypress\\integration\\examples\\12_1.js:7:45)",
                "diff": null
              },
              "uuid": "c523da5e-f559-44d3-bf24-992489a91cfd",
              "parentUUID": "c035d9a1-34f7-4b65-b5ca-3017c50f6921",
              "isHook": false,
              "skipped": false
            }
          ],
          "suites": [],
          "passes": [],
          "failures": [
            "c523da5e-f559-44d3-bf24-992489a91cfd"
          ],
          "pending": [],
          "skipped": [],
          "duration": 20667,
          "root": false,
          "rootEmpty": false,
          "_timeout": 2000
        }
      ],
      "passes": [],
      "failures": [],
      "pending": [],
      "skipped": [],
      "duration": 0,
      "root": true,
      "rootEmpty": true,
      "_timeout": 2000
    },
    {
      "uuid": "99f750c3-65ad-4bf7-adff-6190453e33fc",
      "title": "",
      "fullFile": "cypress\\integration\\examples\\12_2.js",
      "file": "cypress\\integration\\examples\\12_2.js",
      "beforeHooks": [],
      "afterHooks": [],
      "tests": [],
      "suites": [
        {
          "uuid": "52dbc732-552a-4e17-96f0-19fb41523470",
          "title": "1",
          "fullFile": "",
          "file": "",
          "beforeHooks": [],
          "afterHooks": [],
          "tests": [
            {
              "title": "1",
              "fullTitle": "1 1",
              "timedOut": null,
              "duration": 17718,
              "state": "passed",
              "speed": "slow",
              "pass": true,
              "fail": false,
              "pending": false,
              "context": null,
              "code": "//cy.input()\ncy.visit('http://automationpractice.com/index.php?id_product=1&controller=product#/size-s/color-blue'); //const txt1= require('../examples/12_3')\ncy.get('#our_price_display').should(function ($data2) {\n  expect($data2.text()).to.eq(this.data.price);\n});",
              "err": {},
              "uuid": "3202760d-d0da-407a-9d0e-09346709a3b8",
              "parentUUID": "52dbc732-552a-4e17-96f0-19fb41523470",
              "isHook": false,
              "skipped": false
            }
          ],
          "suites": [],
          "passes": [
            "3202760d-d0da-407a-9d0e-09346709a3b8"
          ],
          "failures": [],
          "pending": [],
          "skipped": [],
          "duration": 17718,
          "root": false,
          "rootEmpty": false,
          "_timeout": 2000
        }
      ],
      "passes": [],
      "failures": [],
      "pending": [],
      "skipped": [],
      "duration": 0,
      "root": true,
      "rootEmpty": true,
      "_timeout": 2000
    },
    {
      "uuid": "8d547628-db7e-4f5a-b1e1-eb3712dca3e1",
      "title": "",
      "fullFile": "cypress\\integration\\examples\\12_3.js",
      "file": "cypress\\integration\\examples\\12_3.js",
      "beforeHooks": [],
      "afterHooks": [],
      "tests": [],
      "suites": [
        {
          "uuid": "699f50da-4f26-4a8a-882b-f12fe9642d09",
          "title": "My First Test",
          "fullFile": "",
          "file": "",
          "beforeHooks": [],
          "afterHooks": [],
          "tests": [
            {
              "title": " headings",
              "fullTitle": "My First Test  headings",
              "timedOut": null,
              "duration": 39605,
              "state": "passed",
              "speed": "slow",
              "pass": true,
              "fail": false,
              "pending": false,
              "context": null,
              "code": "cy.visit('http://automationpractice.com/index.php');\ncy.get('#search_query_top').type('T-Shirts', {\n  delay: 100\n});\ncy.get('.button-search').click({\n  delay: 100\n});\ncy.get('.right-block > .content_price > .price').then(function ($data) {\n  var txt = $data.text().trim(); // cy.get('[title=\"Faded Short Sleeve T-shirts\"]').then(($btn) => {\n  // const txt = $btn.text()\n  cy.get('#color_2').click(); //cy.get('h1')\n  // cy.get('#our_price_display').should(($data2) => {\n  // expect($data2.text()).to.eq(txt)\n  //cy.get('.cart_description > .product-name > a').should(($btn2) => {\n  // expect($btn2.text()).not.to.eq(txt)\n  //cy.get('#product_price_1_4_0 > .price').should(($btn2) => {\n  //expect($btn2.text()).not.to.eq(txt)\n});",
              "err": {},
              "uuid": "27031e8e-b54e-4978-ae7f-640bdef39705",
              "parentUUID": "699f50da-4f26-4a8a-882b-f12fe9642d09",
              "isHook": false,
              "skipped": false
            }
          ],
          "suites": [],
          "passes": [
            "27031e8e-b54e-4978-ae7f-640bdef39705"
          ],
          "failures": [],
          "pending": [],
          "skipped": [],
          "duration": 39605,
          "root": false,
          "rootEmpty": false,
          "_timeout": 2000
        }
      ],
      "passes": [],
      "failures": [],
      "pending": [],
      "skipped": [],
      "duration": 0,
      "root": true,
      "rootEmpty": true,
      "_timeout": 2000
    },
    {
      "uuid": "42a995f7-4cee-4987-af5d-05e7576a7445",
      "title": "",
      "fullFile": "cypress\\integration\\examples\\12_4.js",
      "file": "cypress\\integration\\examples\\12_4.js",
      "beforeHooks": [],
      "afterHooks": [],
      "tests": [],
      "suites": [
        {
          "uuid": "c48fd9fd-eed6-45b1-9351-24eedb1ebdff",
          "title": "My First Test",
          "fullFile": "",
          "file": "",
          "beforeHooks": [],
          "afterHooks": [],
          "tests": [
            {
              "title": " headings",
              "fullTitle": "My First Test  headings",
              "timedOut": null,
              "duration": 55614,
              "state": "passed",
              "speed": "slow",
              "pass": true,
              "fail": false,
              "pending": false,
              "context": null,
              "code": "cy.visit('http://automationpractice.com/index.php');\ncy.get('#search_query_top').type('T-Shirts', {\n  delay: 100\n});\ncy.get('.button-search').click({\n  delay: 100\n});\ncy.get('#color_2').click();\ncy.get('#group_1').select('2');\ncy.get('[name=\"Submit\"]').click();\ncy.get('[title=\"Continue shopping\"]').click();\ncy.get('[alt=\"My Store\"]').click();\ncy.get('.last-mobile-line > .product-container > .right-block > .content_price > .price-percent-reduction').then(function ($dis) {\n  var val = $dis.text().trim();\n  cy.get('#homefeatured > .last-mobile-line > .product-container > .right-block > .button-container > .ajax_add_to_cart_button > span').click();\n  cy.get('[title=\"Continue shopping\"]').click();\n  cy.get('[title=\"View my shopping cart\"]').click();\n  cy.get('.price-percent-reduction').should(function ($dis2) {\n    expect($dis2.text().trim()).to.eq(val);\n  });\n});",
              "err": {},
              "uuid": "3fb80017-c43e-4ec3-9137-effc01d6e585",
              "parentUUID": "c48fd9fd-eed6-45b1-9351-24eedb1ebdff",
              "isHook": false,
              "skipped": false
            }
          ],
          "suites": [],
          "passes": [
            "3fb80017-c43e-4ec3-9137-effc01d6e585"
          ],
          "failures": [],
          "pending": [],
          "skipped": [],
          "duration": 55614,
          "root": false,
          "rootEmpty": false,
          "_timeout": 2000
        }
      ],
      "passes": [],
      "failures": [],
      "pending": [],
      "skipped": [],
      "duration": 0,
      "root": true,
      "rootEmpty": true,
      "_timeout": 2000
    },
    {
      "uuid": "fb70d566-5e0f-464f-8aa8-8b7f99a38ef5",
      "title": "",
      "fullFile": "cypress\\integration\\examples\\12_5.js",
      "file": "cypress\\integration\\examples\\12_5.js",
      "beforeHooks": [],
      "afterHooks": [],
      "tests": [],
      "suites": [
        {
          "uuid": "0914c793-8d47-4a9d-8beb-1f97a6dc019b",
          "title": "My First Test",
          "fullFile": "",
          "file": "",
          "beforeHooks": [],
          "afterHooks": [],
          "tests": [
            {
              "title": " headings",
              "fullTitle": "My First Test  headings",
              "timedOut": null,
              "duration": 79944,
              "state": "passed",
              "speed": "slow",
              "pass": true,
              "fail": false,
              "pending": false,
              "context": null,
              "code": "cy.visit('http://automationpractice.com/index.php');\ncy.get('#search_query_top').type('T-Shirts', {\n  delay: 100\n});\ncy.get('.button-search').click({\n  delay: 100\n});\ncy.get('#color_2').click();\ncy.get('#group_1').select('2');\ncy.get('[name=\"Submit\"]').click();\ncy.get('[title=\"Continue shopping\"]').click();\ncy.get('[alt=\"My Store\"]').click();\ncy.get('#homefeatured > .last-item-of-tablet-line.first-item-of-mobile-line > .product-container > .right-block > .button-container > .ajax_add_to_cart_button > span').click();\ncy.get('.continue > span').click();\ncy.get('[alt=\"My Store\"]').click();\ncy.get('#homefeatured > :nth-child(2) > .product-container > .right-block > .button-container > .ajax_add_to_cart_button > span').click();\ncy.get('.continue > span').click();\ncy.get('[alt=\"My Store\"]').click();\ncy.get('#homefeatured > .last-mobile-line > .product-container > .right-block > .button-container > .ajax_add_to_cart_button > span').click();\ncy.get('.continue > span').click();\ncy.get('[title=\"View my shopping cart\"]').click();",
              "err": {},
              "uuid": "15a2ed91-6875-4845-8c37-6e7c7dc388a4",
              "parentUUID": "0914c793-8d47-4a9d-8beb-1f97a6dc019b",
              "isHook": false,
              "skipped": false
            },
            {
              "title": "2",
              "fullTitle": "My First Test 2",
              "timedOut": null,
              "duration": 3707,
              "state": "passed",
              "speed": "slow",
              "pass": true,
              "fail": false,
              "pending": false,
              "context": null,
              "code": "cy.get('#cart_summary > tbody > tr  td:nth-child(4)').each(function (em, no, list) {\n  var text = em.text(); //if(text.includes(\"In stock\"))\n  if (text.includes(\"-20%\")) {\n    cy.get('#cart_summary> tbody > tr  td:nth-child(3)').eq(no).then(function (pname) {\n      var name = pname.text();\n      expect(name).to.equal(\"In stock\");\n    });\n  } //expect(text).to.equal(\"-20%\")\n});",
              "err": {},
              "uuid": "1dba9a2f-9251-4e3c-879c-ea576cb24655",
              "parentUUID": "0914c793-8d47-4a9d-8beb-1f97a6dc019b",
              "isHook": false,
              "skipped": false
            }
          ],
          "suites": [],
          "passes": [
            "15a2ed91-6875-4845-8c37-6e7c7dc388a4",
            "1dba9a2f-9251-4e3c-879c-ea576cb24655"
          ],
          "failures": [],
          "pending": [],
          "skipped": [],
          "duration": 83651,
          "root": false,
          "rootEmpty": false,
          "_timeout": 2000
        }
      ],
      "passes": [],
      "failures": [],
      "pending": [],
      "skipped": [],
      "duration": 0,
      "root": true,
      "rootEmpty": true,
      "_timeout": 2000
    },
    {
      "uuid": "3d610d85-7405-4793-9cbd-b383c06e4f11",
      "title": "",
      "fullFile": "cypress\\integration\\examples\\12.js",
      "file": "cypress\\integration\\examples\\12.js",
      "beforeHooks": [],
      "afterHooks": [],
      "tests": [],
      "suites": [
        {
          "uuid": "7dd11137-576d-4a5a-adf8-34ae773990a6",
          "title": "My First Test",
          "fullFile": "",
          "file": "",
          "beforeHooks": [],
          "afterHooks": [],
          "tests": [
            {
              "title": " headings",
              "fullTitle": "My First Test  headings",
              "timedOut": null,
              "duration": 38890,
              "state": "passed",
              "speed": "slow",
              "pass": true,
              "fail": false,
              "pending": false,
              "context": null,
              "code": "cy.visit('http://automationpractice.com/index.php');\ncy.get('#search_query_top').type('T-Shirts', {\n  delay: 100\n});\ncy.get('.button-search').click({\n  delay: 100\n});\ncy.get('.right-block > .content_price > .price').then(function ($data) {\n  var txt = $data.text(); // cy.get('[title=\"Faded Short Sleeve T-shirts\"]').then(($btn) => {\n  // const txt = $btn.text()\n  cy.get('#color_2').click(); //cy.get('h1')\n  cy.get('#our_price_display').should(function ($data2) {\n    expect($data2.text()).not.to.eq(txt); //cy.get('.cart_description > .product-name > a').should(($btn2) => {\n    // expect($btn2.text()).not.to.eq(txt)\n    //cy.get('#product_price_1_4_0 > .price').should(($btn2) => {\n    //expect($btn2.text()).not.to.eq(txt)\n  });\n});",
              "err": {},
              "uuid": "687a49ca-694d-4ca0-a795-474e6fb6c882",
              "parentUUID": "7dd11137-576d-4a5a-adf8-34ae773990a6",
              "isHook": false,
              "skipped": false
            }
          ],
          "suites": [],
          "passes": [
            "687a49ca-694d-4ca0-a795-474e6fb6c882"
          ],
          "failures": [],
          "pending": [],
          "skipped": [],
          "duration": 38890,
          "root": false,
          "rootEmpty": false,
          "_timeout": 2000
        }
      ],
      "passes": [],
      "failures": [],
      "pending": [],
      "skipped": [],
      "duration": 0,
      "root": true,
      "rootEmpty": true,
      "_timeout": 2000
    },
    {
      "uuid": "5b9a7ad2-be19-4d87-82c8-617292a420e1",
      "title": "",
      "fullFile": "cypress\\integration\\examples\\2ns_Test.js",
      "file": "cypress\\integration\\examples\\2ns_Test.js",
      "beforeHooks": [],
      "afterHooks": [],
      "tests": [],
      "suites": [
        {
          "uuid": "c2820f82-538b-49b0-b267-786c812ae276",
          "title": "My First Test",
          "fullFile": "",
          "file": "",
          "beforeHooks": [],
          "afterHooks": [],
          "tests": [
            {
              "title": " headings",
              "fullTitle": "My First Test  headings",
              "timedOut": null,
              "duration": 48442,
              "state": "failed",
              "speed": null,
              "pass": false,
              "fail": true,
              "pending": false,
              "context": null,
              "code": "cy.visit('http://automationpractice.com/index.php');\ncy.get('#search_query_top').type('T-Shirts', {\n  delay: 100\n});\ncy.get('.button-search').click({\n  delay: 100\n});\ncy.get('#color_2').click();\ncy.get('#thumb_4').trigger('mouseover');\ncy.get('#group_1').select('2');\ncy.get('[name=\"Submit\"]').click();\ncy.get('[title=\"Continue shopping\"]').click();\ncy.get('[title=\"View my shopping cart\"]').trigger('mouseover');\ncy.get('[alt=\"My Store\"]').click(); //cy.scrollTo('bottom')\ncy.scrollTo('center'); // cy.scrollTo('top')\ncy.get('[title=\"View my shopping cart\"]').click();\ncy.get('.cart_navigation > .button > span').click(); //cy.xpath('//a[contains(@href,\"step=1\") and contains(@title,\"Proceed to checkout\")]').click()\ncy.get('#email_create').type('hello32e4234@gmail.com');\n/*cy.reload()\ncy.title().should('eq','Login - My Store')\n  cy.go('back')\ncy.title().should('eq','Order - My Store')\n  cy.go('back')*/\ncy.get('#SubmitCreate').click(); //cy.title().should('eq','Login - My Store')",
              "err": {
                "message": "CypressError: Timed out retrying: `cy.click()` failed because this element is not visible:\n\n`<span class=\"continue btn btn-default button exclusive-medium\" title=\"Continue shopping\">...</span>`\n\nThis element `<span.continue.btn.btn-default.button.exclusive-medium>` is not visible because its parent `<div#layer_cart>` has CSS property: `display: none`\n\nFix this problem, or use `{force: true}` to disable error checking.\n\nhttps://on.cypress.io/element-cannot-be-interacted-with",
                "estack": "CypressError: Timed out retrying: `cy.click()` failed because this element is not visible:\n\n`<span class=\"continue btn btn-default button exclusive-medium\" title=\"Continue shopping\">...</span>`\n\nThis element `<span.continue.btn.btn-default.button.exclusive-medium>` is not visible because its parent `<div#layer_cart>` has CSS property: `display: none`\n\nFix this problem, or use `{force: true}` to disable error checking.\n\nhttps://on.cypress.io/element-cannot-be-interacted-with\n    at $Cy.ensureVisibility (http://automationpractice.com/__cypress/runner/cypress_runner.js:159751:24)\n    at runAllChecks (http://automationpractice.com/__cypress/runner/cypress_runner.js:148853:14)\n    at retryActionability (http://automationpractice.com/__cypress/runner/cypress_runner.js:148896:16)\n    at tryCatcher (http://automationpractice.com/__cypress/runner/cypress_runner.js:10161:23)\n    at Function.Promise.attempt.Promise.try (http://automationpractice.com/__cypress/runner/cypress_runner.js:7435:29)\n    at tryFn (http://automationpractice.com/__cypress/runner/cypress_runner.js:162997:24)\n    at whenStable (http://automationpractice.com/__cypress/runner/cypress_runner.js:163038:12)\n    at http://automationpractice.com/__cypress/runner/cypress_runner.js:162561:16\n    at tryCatcher (http://automationpractice.com/__cypress/runner/cypress_runner.js:10161:23)\n    at Promise._settlePromiseFromHandler (http://automationpractice.com/__cypress/runner/cypress_runner.js:8096:31)\n    at Promise._settlePromise (http://automationpractice.com/__cypress/runner/cypress_runner.js:8153:18)\n    at Promise._settlePromise0 (http://automationpractice.com/__cypress/runner/cypress_runner.js:8198:10)\n    at Promise._settlePromises (http://automationpractice.com/__cypress/runner/cypress_runner.js:8278:18)\n    at Promise._fulfill (http://automationpractice.com/__cypress/runner/cypress_runner.js:8222:18)\n    at http://automationpractice.com/__cypress/runner/cypress_runner.js:9836:46\nFrom Your Spec Code:\n    at Context.eval (http://automationpractice.com/__cypress/tests?p=cypress\\integration\\examples\\2ns_Test.js:18:43)",
                "diff": null
              },
              "uuid": "5f6d2cd0-78b0-4fca-b369-ecf833afa31e",
              "parentUUID": "c2820f82-538b-49b0-b267-786c812ae276",
              "isHook": false,
              "skipped": false
            }
          ],
          "suites": [],
          "passes": [],
          "failures": [
            "5f6d2cd0-78b0-4fca-b369-ecf833afa31e"
          ],
          "pending": [],
          "skipped": [],
          "duration": 48442,
          "root": false,
          "rootEmpty": false,
          "_timeout": 2000
        }
      ],
      "passes": [],
      "failures": [],
      "pending": [],
      "skipped": [],
      "duration": 0,
      "root": true,
      "rootEmpty": true,
      "_timeout": 2000
    },
    {
      "uuid": "8299854d-97d6-4ae0-8103-dc024b9f3c9c",
      "title": "",
      "fullFile": "cypress\\integration\\examples\\4th.js",
      "file": "cypress\\integration\\examples\\4th.js",
      "beforeHooks": [],
      "afterHooks": [],
      "tests": [],
      "suites": [
        {
          "uuid": "2e75315a-6618-4407-92c9-284d74419449",
          "title": "Actions",
          "fullFile": "",
          "file": "",
          "beforeHooks": [],
          "afterHooks": [],
          "tests": [
            {
              "title": "try",
              "fullTitle": "Actions try",
              "timedOut": null,
              "duration": 16704,
              "state": "passed",
              "speed": "slow",
              "pass": true,
              "fail": false,
              "pending": false,
              "context": null,
              "code": "cy.visit('http://automationpractice.com/index.php?controller=authentication&back=my-account#account-creation');",
              "err": {},
              "uuid": "987192b5-fe9f-44cc-aa38-b642bbf88d48",
              "parentUUID": "2e75315a-6618-4407-92c9-284d74419449",
              "isHook": false,
              "skipped": false
            }
          ],
          "suites": [],
          "passes": [
            "987192b5-fe9f-44cc-aa38-b642bbf88d48"
          ],
          "failures": [],
          "pending": [],
          "skipped": [],
          "duration": 16704,
          "root": false,
          "rootEmpty": false,
          "_timeout": 2000
        }
      ],
      "passes": [],
      "failures": [],
      "pending": [],
      "skipped": [],
      "duration": 0,
      "root": true,
      "rootEmpty": true,
      "_timeout": 2000
    },
    {
      "uuid": "d6893b2a-55d8-4407-b0fa-3faee93179b4",
      "title": "",
      "fullFile": "cypress\\integration\\examples\\5.js",
      "file": "cypress\\integration\\examples\\5.js",
      "beforeHooks": [],
      "afterHooks": [],
      "tests": [],
      "suites": [
        {
          "uuid": "bb671f7b-d988-4fda-a07b-d432dfabb3db",
          "title": "Actions",
          "fullFile": "",
          "file": "",
          "beforeHooks": [],
          "afterHooks": [],
          "tests": [
            {
              "title": ".type() - type into a DOM element",
              "fullTitle": "Actions .type() - type into a DOM element",
              "timedOut": null,
              "duration": 11305,
              "state": "passed",
              "speed": "slow",
              "pass": true,
              "fail": false,
              "pending": false,
              "context": null,
              "code": "// https://on.cypress.io/type\ncy.get('.action-email').type('fake@email.com').should('have.value', 'fake@email.com') // .type() with special character sequences\n.type('{del}{selectall}{backspace}') // .type() with key modifiers\n// Delay each keypress by 0.1 sec\n.type('slow.typing@email.com', {\n  delay: 100\n}).should('have.value', 'slow.typing@email.com');\ncy.get('.action-disabled') // Ignore error checking prior to type\n// like whether the input is visible or disabled\n.type('disabled error checking', {\n  force: true\n}).should('have.value', 'disabled error checking');",
              "err": {},
              "uuid": "7bda1214-dc96-4063-8a0c-b4318f7939d1",
              "parentUUID": "bb671f7b-d988-4fda-a07b-d432dfabb3db",
              "isHook": false,
              "skipped": false
            }
          ],
          "suites": [],
          "passes": [
            "7bda1214-dc96-4063-8a0c-b4318f7939d1"
          ],
          "failures": [],
          "pending": [],
          "skipped": [],
          "duration": 11305,
          "root": false,
          "rootEmpty": false,
          "_timeout": 2000
        }
      ],
      "passes": [],
      "failures": [],
      "pending": [],
      "skipped": [],
      "duration": 0,
      "root": true,
      "rootEmpty": true,
      "_timeout": 2000
    },
    {
      "uuid": "04b9ecd2-bc66-4678-ae97-f61f029f695d",
      "title": "",
      "fullFile": "cypress\\integration\\examples\\9.js",
      "file": "cypress\\integration\\examples\\9.js",
      "beforeHooks": [],
      "afterHooks": [],
      "tests": [],
      "suites": [
        {
          "uuid": "4e3464bb-46ca-4fe3-9fa6-1392189f0de8",
          "title": "must try and try",
          "fullFile": "",
          "file": "",
          "beforeHooks": [],
          "afterHooks": [],
          "tests": [
            {
              "title": "1st",
              "fullTitle": "must try and try 1st",
              "timedOut": null,
              "duration": 17506,
              "state": "passed",
              "speed": "slow",
              "pass": true,
              "fail": false,
              "pending": false,
              "context": null,
              "code": "cy.visit('http://testautomationpractice.blogspot.com/');\ncy.get('#Wikipedia1_wikipedia-search-input').click().type('bugatti chiron');\ncy.get('.wikipedia-search-button').click();\ncy.get('#Wikipedia1_wikipedia-search-results > :nth-child(1) > a').click(); //cy.visit ('https://en.wikipedia.org/wiki/Bugatti_Chiron')\n//cy.title().should('eq','Bugatti Chiron - Wikipedia')",
              "err": {},
              "uuid": "df76a71d-e3b0-41ea-b6ac-b2118f74c8ec",
              "parentUUID": "4e3464bb-46ca-4fe3-9fa6-1392189f0de8",
              "isHook": false,
              "skipped": false
            },
            {
              "title": "2nd",
              "fullTitle": "must try and try 2nd",
              "timedOut": null,
              "duration": 2942,
              "state": "passed",
              "speed": "slow",
              "pass": true,
              "fail": false,
              "pending": false,
              "context": null,
              "code": "cy.get(':nth-child(7) > a').trigger('mouseover');\ncy.get(':nth-child(8) > a').trigger('mouseover');\ncy.get('#age').click().type('19');",
              "err": {},
              "uuid": "ca78b085-cce7-40da-bdce-ef46e264fe49",
              "parentUUID": "4e3464bb-46ca-4fe3-9fa6-1392189f0de8",
              "isHook": false,
              "skipped": false
            },
            {
              "title": "3rd",
              "fullTitle": "must try and try 3rd",
              "timedOut": null,
              "duration": 1807,
              "state": "passed",
              "speed": "slow",
              "pass": true,
              "fail": false,
              "pending": false,
              "context": null,
              "code": "cy.xpath('//*[@id=\"HTML1\"]/div[1]/table').contains('td', 'Learn JS').should('be.visible'); //cy.get('table[name=BookTable]')\ncy.get('table[name=BookTable] > tbody > :nth-child(4) > :nth-child(2)').contains('Animesh').should('be.visible');\ncy.get('table[name=BookTable] > tbody > tr  td:nth-child(2)').each(function (em, no, list) {\n  var text = em.text();\n  if (text.includes(\"Animesh\")) {\n    cy.get('table[name=BookTable] > tbody > tr  td:nth-child(1)').eq(no).then(function (pname) {\n      var Bookname = pname.text();\n      expect(Bookname).to.equal(\"Learn JS\");\n    });\n  }\n});",
              "err": {},
              "uuid": "2f8deb68-acf6-4495-af8d-65e1b8a7b061",
              "parentUUID": "4e3464bb-46ca-4fe3-9fa6-1392189f0de8",
              "isHook": false,
              "skipped": false
            }
          ],
          "suites": [],
          "passes": [
            "df76a71d-e3b0-41ea-b6ac-b2118f74c8ec",
            "ca78b085-cce7-40da-bdce-ef46e264fe49",
            "2f8deb68-acf6-4495-af8d-65e1b8a7b061"
          ],
          "failures": [],
          "pending": [],
          "skipped": [],
          "duration": 22255,
          "root": false,
          "rootEmpty": false,
          "_timeout": 2000
        }
      ],
      "passes": [],
      "failures": [],
      "pending": [],
      "skipped": [],
      "duration": 0,
      "root": true,
      "rootEmpty": true,
      "_timeout": 2000
    },
    {
      "uuid": "d14fda3c-84dd-4788-b513-41a358e8d9df",
      "title": "",
      "fullFile": "cypress\\integration\\examples\\actions.spec.js",
      "file": "cypress\\integration\\examples\\actions.spec.js",
      "beforeHooks": [],
      "afterHooks": [],
      "tests": [],
      "suites": [
        {
          "uuid": "38fb3244-d652-44b9-9215-b8449b16b717",
          "title": "Actions",
          "fullFile": "",
          "file": "",
          "beforeHooks": [],
          "afterHooks": [],
          "tests": [
            {
              "title": ".type() - type into a DOM element",
              "fullTitle": "Actions .type() - type into a DOM element",
              "timedOut": null,
              "duration": 14526,
              "state": "passed",
              "speed": "slow",
              "pass": true,
              "fail": false,
              "pending": false,
              "context": null,
              "code": "// https://on.cypress.io/type\ncy.get('.action-email').type('fake@email.com').should('have.value', 'fake@email.com') // .type() with special character sequences\n.type('{leftarrow}{rightarrow}{uparrow}{downarrow}').type('{del}{selectall}{backspace}') // .type() with key modifiers\n.type('{alt}{option}') //these are equivalent\n.type('{ctrl}{control}') //these are equivalent\n.type('{meta}{command}{cmd}') //these are equivalent\n.type('{shift}') // Delay each keypress by 0.1 sec\n.type('slow.typing@email.com', {\n  delay: 100\n}).should('have.value', 'slow.typing@email.com');\ncy.get('.action-disabled') // Ignore error checking prior to type\n// like whether the input is visible or disabled\n.type('disabled error checking', {\n  force: true\n}).should('have.value', 'disabled error checking');",
              "err": {},
              "uuid": "cb8764b7-0dcc-4d2c-b4a8-87890f4c4386",
              "parentUUID": "38fb3244-d652-44b9-9215-b8449b16b717",
              "isHook": false,
              "skipped": false
            },
            {
              "title": ".focus() - focus on a DOM element",
              "fullTitle": "Actions .focus() - focus on a DOM element",
              "timedOut": null,
              "duration": 10770,
              "state": "passed",
              "speed": "slow",
              "pass": true,
              "fail": false,
              "pending": false,
              "context": null,
              "code": "// https://on.cypress.io/focus\ncy.get('.action-focus').focus().should('have.class', 'focus').prev().should('have.attr', 'style', 'color: orange;');",
              "err": {},
              "uuid": "01c629c4-af0b-4ed4-b46c-2b6d707a3de9",
              "parentUUID": "38fb3244-d652-44b9-9215-b8449b16b717",
              "isHook": false,
              "skipped": false
            },
            {
              "title": ".blur() - blur off a DOM element",
              "fullTitle": "Actions .blur() - blur off a DOM element",
              "timedOut": null,
              "duration": 3015,
              "state": "passed",
              "speed": "slow",
              "pass": true,
              "fail": false,
              "pending": false,
              "context": null,
              "code": "// https://on.cypress.io/blur\ncy.get('.action-blur').type('About to blur').blur().should('have.class', 'error').prev().should('have.attr', 'style', 'color: red;');",
              "err": {},
              "uuid": "137a098b-1a6c-4654-91c8-acc793dc0255",
              "parentUUID": "38fb3244-d652-44b9-9215-b8449b16b717",
              "isHook": false,
              "skipped": false
            },
            {
              "title": ".clear() - clears an input or textarea element",
              "fullTitle": "Actions .clear() - clears an input or textarea element",
              "timedOut": null,
              "duration": 7085,
              "state": "passed",
              "speed": "slow",
              "pass": true,
              "fail": false,
              "pending": false,
              "context": null,
              "code": "// https://on.cypress.io/clear\ncy.get('.action-clear').type('Clear this text').should('have.value', 'Clear this text').clear().should('have.value', '');",
              "err": {},
              "uuid": "2a5fb442-6951-4a8d-947a-0b3823f677b6",
              "parentUUID": "38fb3244-d652-44b9-9215-b8449b16b717",
              "isHook": false,
              "skipped": false
            },
            {
              "title": ".submit() - submit a form",
              "fullTitle": "Actions .submit() - submit a form",
              "timedOut": null,
              "duration": 6928,
              "state": "passed",
              "speed": "slow",
              "pass": true,
              "fail": false,
              "pending": false,
              "context": null,
              "code": "// https://on.cypress.io/submit\ncy.get('.action-form').find('[type=\"text\"]').type('HALFOFF');\ncy.get('.action-form').submit().next().should('contain', 'Your form has been submitted!');",
              "err": {},
              "uuid": "33e751e8-13f8-42b5-ae9c-e5770a453ee0",
              "parentUUID": "38fb3244-d652-44b9-9215-b8449b16b717",
              "isHook": false,
              "skipped": false
            },
            {
              "title": ".click() - click on a DOM element",
              "fullTitle": "Actions .click() - click on a DOM element",
              "timedOut": null,
              "duration": 14052,
              "state": "passed",
              "speed": "slow",
              "pass": true,
              "fail": false,
              "pending": false,
              "context": null,
              "code": "// https://on.cypress.io/click\ncy.get('.action-btn').click(); // You can click on 9 specific positions of an element:\n//  -----------------------------------\n// | topLeft        top       topRight |\n// |                                   |\n// |                                   |\n// |                                   |\n// | left          center        right |\n// |                                   |\n// |                                   |\n// |                                   |\n// | bottomLeft   bottom   bottomRight |\n//  -----------------------------------\n// clicking in the center of the element is the default\ncy.get('#action-canvas').click();\ncy.get('#action-canvas').click('topLeft');\ncy.get('#action-canvas').click('top');\ncy.get('#action-canvas').click('topRight');\ncy.get('#action-canvas').click('left');\ncy.get('#action-canvas').click('right');\ncy.get('#action-canvas').click('bottomLeft');\ncy.get('#action-canvas').click('bottom');\ncy.get('#action-canvas').click('bottomRight'); // .click() accepts an x and y coordinate\n// that controls where the click occurs :)\ncy.get('#action-canvas').click(80, 75) // click 80px on x coord and 75px on y coord\n.click(170, 75).click(80, 165).click(100, 185).click(125, 190).click(150, 185).click(170, 165); // click multiple elements by passing multiple: true\ncy.get('.action-labels>.label').click({\n  multiple: true\n}); // Ignore error checking prior to clicking\ncy.get('.action-opacity>.btn').click({\n  force: true\n});",
              "err": {},
              "uuid": "75e741e0-7c9a-47b6-8a41-85588b3fd8b2",
              "parentUUID": "38fb3244-d652-44b9-9215-b8449b16b717",
              "isHook": false,
              "skipped": false
            },
            {
              "title": ".dblclick() - double click on a DOM element",
              "fullTitle": "Actions .dblclick() - double click on a DOM element",
              "timedOut": null,
              "duration": 8323,
              "state": "passed",
              "speed": "slow",
              "pass": true,
              "fail": false,
              "pending": false,
              "context": null,
              "code": "// https://on.cypress.io/dblclick\n// Our app has a listener on 'dblclick' event in our 'scripts.js'\n// that hides the div and shows an input on double click\ncy.get('.action-div').dblclick().should('not.be.visible');\ncy.get('.action-input-hidden').should('be.visible');",
              "err": {},
              "uuid": "295e003e-8b47-4559-8c46-c5438a85b8ca",
              "parentUUID": "38fb3244-d652-44b9-9215-b8449b16b717",
              "isHook": false,
              "skipped": false
            },
            {
              "title": ".rightclick() - right click on a DOM element",
              "fullTitle": "Actions .rightclick() - right click on a DOM element",
              "timedOut": null,
              "duration": 6474,
              "state": "passed",
              "speed": "slow",
              "pass": true,
              "fail": false,
              "pending": false,
              "context": null,
              "code": "// https://on.cypress.io/rightclick\n// Our app has a listener on 'contextmenu' event in our 'scripts.js'\n// that hides the div and shows an input on right click\ncy.get('.rightclick-action-div').rightclick().should('not.be.visible');\ncy.get('.rightclick-action-input-hidden').should('be.visible');",
              "err": {},
              "uuid": "7004961d-a447-4099-b409-a71e6ea3b8e4",
              "parentUUID": "38fb3244-d652-44b9-9215-b8449b16b717",
              "isHook": false,
              "skipped": false
            },
            {
              "title": ".check() - check a checkbox or radio element",
              "fullTitle": "Actions .check() - check a checkbox or radio element",
              "timedOut": null,
              "duration": 9731,
              "state": "passed",
              "speed": "slow",
              "pass": true,
              "fail": false,
              "pending": false,
              "context": null,
              "code": "// https://on.cypress.io/check\n// By default, .check() will check all\n// matching checkbox or radio elements in succession, one after another\ncy.get('.action-checkboxes [type=\"checkbox\"]').not('[disabled]').check().should('be.checked');\ncy.get('.action-radios [type=\"radio\"]').not('[disabled]').check().should('be.checked'); // .check() accepts a value argument\ncy.get('.action-radios [type=\"radio\"]').check('radio1').should('be.checked'); // .check() accepts an array of values\ncy.get('.action-multiple-checkboxes [type=\"checkbox\"]').check(['checkbox1', 'checkbox2']).should('be.checked'); // Ignore error checking prior to checking\ncy.get('.action-checkboxes [disabled]').check({\n  force: true\n}).should('be.checked');\ncy.get('.action-radios [type=\"radio\"]').check('radio3', {\n  force: true\n}).should('be.checked');",
              "err": {},
              "uuid": "949e5df0-27c4-4557-a0c6-fe82c4439dd3",
              "parentUUID": "38fb3244-d652-44b9-9215-b8449b16b717",
              "isHook": false,
              "skipped": false
            },
            {
              "title": ".uncheck() - uncheck a checkbox element",
              "fullTitle": "Actions .uncheck() - uncheck a checkbox element",
              "timedOut": null,
              "duration": 11385,
              "state": "passed",
              "speed": "slow",
              "pass": true,
              "fail": false,
              "pending": false,
              "context": null,
              "code": "// https://on.cypress.io/uncheck\n// By default, .uncheck() will uncheck all matching\n// checkbox elements in succession, one after another\ncy.get('.action-check [type=\"checkbox\"]').not('[disabled]').uncheck().should('not.be.checked'); // .uncheck() accepts a value argument\ncy.get('.action-check [type=\"checkbox\"]').check('checkbox1').uncheck('checkbox1').should('not.be.checked'); // .uncheck() accepts an array of values\ncy.get('.action-check [type=\"checkbox\"]').check(['checkbox1', 'checkbox3']).uncheck(['checkbox1', 'checkbox3']).should('not.be.checked'); // Ignore error checking prior to unchecking\ncy.get('.action-check [disabled]').uncheck({\n  force: true\n}).should('not.be.checked');",
              "err": {},
              "uuid": "9c01fe0b-718f-4d25-9e82-b274f7ecc1ff",
              "parentUUID": "38fb3244-d652-44b9-9215-b8449b16b717",
              "isHook": false,
              "skipped": false
            },
            {
              "title": ".select() - select an option in a <select> element",
              "fullTitle": "Actions .select() - select an option in a <select> element",
              "timedOut": null,
              "duration": 9334,
              "state": "passed",
              "speed": "slow",
              "pass": true,
              "fail": false,
              "pending": false,
              "context": null,
              "code": "// https://on.cypress.io/select\n// at first, no option should be selected\ncy.get('.action-select').should('have.value', '--Select a fruit--'); // Select option(s) with matching text content\ncy.get('.action-select').select('apples'); // confirm the apples were selected\n// note that each value starts with \"fr-\" in our HTML\ncy.get('.action-select').should('have.value', 'fr-apples');\ncy.get('.action-select-multiple').select(['apples', 'oranges', 'bananas']) // when getting multiple values, invoke \"val\" method first\n.invoke('val').should('deep.equal', ['fr-apples', 'fr-oranges', 'fr-bananas']); // Select option(s) with matching value\ncy.get('.action-select').select('fr-bananas') // can attach an assertion right away to the element\n.should('have.value', 'fr-bananas');\ncy.get('.action-select-multiple').select(['fr-apples', 'fr-oranges', 'fr-bananas']).invoke('val').should('deep.equal', ['fr-apples', 'fr-oranges', 'fr-bananas']); // assert the selected values include oranges\ncy.get('.action-select-multiple').invoke('val').should('include', 'fr-oranges');",
              "err": {},
              "uuid": "36029cb1-4089-49a8-9031-11b9129f8c49",
              "parentUUID": "38fb3244-d652-44b9-9215-b8449b16b717",
              "isHook": false,
              "skipped": false
            },
            {
              "title": ".scrollIntoView() - scroll an element into view",
              "fullTitle": "Actions .scrollIntoView() - scroll an element into view",
              "timedOut": null,
              "duration": 9723,
              "state": "passed",
              "speed": "slow",
              "pass": true,
              "fail": false,
              "pending": false,
              "context": null,
              "code": "// https://on.cypress.io/scrollintoview\n// normally all of these buttons are hidden,\n// because they're not within\n// the viewable area of their parent\n// (we need to scroll to see them)\ncy.get('#scroll-horizontal button').should('not.be.visible'); // scroll the button into view, as if the user had scrolled\ncy.get('#scroll-horizontal button').scrollIntoView().should('be.visible');\ncy.get('#scroll-vertical button').should('not.be.visible'); // Cypress handles the scroll direction needed\ncy.get('#scroll-vertical button').scrollIntoView().should('be.visible');\ncy.get('#scroll-both button').should('not.be.visible'); // Cypress knows to scroll to the right and down\ncy.get('#scroll-both button').scrollIntoView().should('be.visible');",
              "err": {},
              "uuid": "6ce50037-b7a9-41e8-a203-01d1ab34a38e",
              "parentUUID": "38fb3244-d652-44b9-9215-b8449b16b717",
              "isHook": false,
              "skipped": false
            },
            {
              "title": ".trigger() - trigger an event on a DOM element",
              "fullTitle": "Actions .trigger() - trigger an event on a DOM element",
              "timedOut": null,
              "duration": 5797,
              "state": "passed",
              "speed": "slow",
              "pass": true,
              "fail": false,
              "pending": false,
              "context": null,
              "code": "// https://on.cypress.io/trigger\n// To interact with a range input (slider)\n// we need to set its value & trigger the\n// event to signal it changed\n// Here, we invoke jQuery's val() method to set\n// the value and trigger the 'change' event\ncy.get('.trigger-input-range').invoke('val', 25).trigger('change').get('input[type=range]').siblings('p').should('have.text', '25');",
              "err": {},
              "uuid": "04ba3d23-677e-4a4a-b5a8-4ef46c881583",
              "parentUUID": "38fb3244-d652-44b9-9215-b8449b16b717",
              "isHook": false,
              "skipped": false
            },
            {
              "title": "cy.scrollTo() - scroll the window or element to a position",
              "fullTitle": "Actions cy.scrollTo() - scroll the window or element to a position",
              "timedOut": null,
              "duration": 7605,
              "state": "passed",
              "speed": "slow",
              "pass": true,
              "fail": false,
              "pending": false,
              "context": null,
              "code": "// https://on.cypress.io/scrollTo\n// You can scroll to 9 specific positions of an element:\n//  -----------------------------------\n// | topLeft        top       topRight |\n// |                                   |\n// |                                   |\n// |                                   |\n// | left          center        right |\n// |                                   |\n// |                                   |\n// |                                   |\n// | bottomLeft   bottom   bottomRight |\n//  -----------------------------------\n// if you chain .scrollTo() off of cy, we will\n// scroll the entire window\ncy.scrollTo('bottom');\ncy.get('#scrollable-horizontal').scrollTo('right'); // or you can scroll to a specific coordinate:\n// (x axis, y axis) in pixels\ncy.get('#scrollable-vertical').scrollTo(250, 250); // or you can scroll to a specific percentage\n// of the (width, height) of the element\ncy.get('#scrollable-both').scrollTo('75%', '25%'); // control the easing of the scroll (default is 'swing')\ncy.get('#scrollable-vertical').scrollTo('center', {\n  easing: 'linear'\n}); // control the duration of the scroll (in ms)\ncy.get('#scrollable-both').scrollTo('center', {\n  duration: 2000\n});",
              "err": {},
              "uuid": "461d8b23-359e-457f-983a-3cdd8ab13ff4",
              "parentUUID": "38fb3244-d652-44b9-9215-b8449b16b717",
              "isHook": false,
              "skipped": false
            }
          ],
          "suites": [],
          "passes": [
            "cb8764b7-0dcc-4d2c-b4a8-87890f4c4386",
            "01c629c4-af0b-4ed4-b46c-2b6d707a3de9",
            "137a098b-1a6c-4654-91c8-acc793dc0255",
            "2a5fb442-6951-4a8d-947a-0b3823f677b6",
            "33e751e8-13f8-42b5-ae9c-e5770a453ee0",
            "75e741e0-7c9a-47b6-8a41-85588b3fd8b2",
            "295e003e-8b47-4559-8c46-c5438a85b8ca",
            "7004961d-a447-4099-b409-a71e6ea3b8e4",
            "949e5df0-27c4-4557-a0c6-fe82c4439dd3",
            "9c01fe0b-718f-4d25-9e82-b274f7ecc1ff",
            "36029cb1-4089-49a8-9031-11b9129f8c49",
            "6ce50037-b7a9-41e8-a203-01d1ab34a38e",
            "04ba3d23-677e-4a4a-b5a8-4ef46c881583",
            "461d8b23-359e-457f-983a-3cdd8ab13ff4"
          ],
          "failures": [],
          "pending": [],
          "skipped": [],
          "duration": 124748,
          "root": false,
          "rootEmpty": false,
          "_timeout": 2000
        }
      ],
      "passes": [],
      "failures": [],
      "pending": [],
      "skipped": [],
      "duration": 0,
      "root": true,
      "rootEmpty": true,
      "_timeout": 2000
    },
    {
      "uuid": "b77a9b1a-c006-4338-a6d6-1d89eca665fc",
      "title": "",
      "fullFile": "cypress\\integration\\examples\\aliasing.spec.js",
      "file": "cypress\\integration\\examples\\aliasing.spec.js",
      "beforeHooks": [],
      "afterHooks": [],
      "tests": [],
      "suites": [
        {
          "uuid": "c790d4c1-66bd-4c53-aa4e-67e42a57aa71",
          "title": "Aliasing",
          "fullFile": "",
          "file": "",
          "beforeHooks": [],
          "afterHooks": [],
          "tests": [
            {
              "title": ".as() - alias a DOM element for later use",
              "fullTitle": "Aliasing .as() - alias a DOM element for later use",
              "timedOut": null,
              "duration": 5781,
              "state": "passed",
              "speed": "slow",
              "pass": true,
              "fail": false,
              "pending": false,
              "context": null,
              "code": "// https://on.cypress.io/as\n// Alias a DOM element for use later\n// We don't have to traverse to the element\n// later in our code, we reference it with @\ncy.get('.as-table').find('tbody>tr').first().find('td').first().find('button').as('firstBtn'); // when we reference the alias, we place an\n// @ in front of its name\ncy.get('@firstBtn').click();\ncy.get('@firstBtn').should('have.class', 'btn-success').and('contain', 'Changed');",
              "err": {},
              "uuid": "8d24377b-ff61-4db8-8ed7-250ea031c328",
              "parentUUID": "c790d4c1-66bd-4c53-aa4e-67e42a57aa71",
              "isHook": false,
              "skipped": false
            },
            {
              "title": ".as() - alias a route for later use",
              "fullTitle": "Aliasing .as() - alias a route for later use",
              "timedOut": null,
              "duration": 12882,
              "state": "passed",
              "speed": "slow",
              "pass": true,
              "fail": false,
              "pending": false,
              "context": null,
              "code": "// Alias the route to wait for its response\ncy.server();\ncy.route('GET', 'comments/*').as('getComment'); // we have code that gets a comment when\n// the button is clicked in scripts.js\ncy.get('.network-btn').click(); // https://on.cypress.io/wait\ncy.wait('@getComment').its('status').should('eq', 200);",
              "err": {},
              "uuid": "c8b6022f-f231-4396-807c-4abf91758850",
              "parentUUID": "c790d4c1-66bd-4c53-aa4e-67e42a57aa71",
              "isHook": false,
              "skipped": false
            }
          ],
          "suites": [],
          "passes": [
            "8d24377b-ff61-4db8-8ed7-250ea031c328",
            "c8b6022f-f231-4396-807c-4abf91758850"
          ],
          "failures": [],
          "pending": [],
          "skipped": [],
          "duration": 18663,
          "root": false,
          "rootEmpty": false,
          "_timeout": 2000
        }
      ],
      "passes": [],
      "failures": [],
      "pending": [],
      "skipped": [],
      "duration": 0,
      "root": true,
      "rootEmpty": true,
      "_timeout": 2000
    },
    {
      "uuid": "c8aa86ae-4168-46a2-b7b9-2f4321f874f9",
      "title": "",
      "fullFile": "cypress\\integration\\examples\\amazon.js",
      "file": "cypress\\integration\\examples\\amazon.js",
      "beforeHooks": [],
      "afterHooks": [],
      "tests": [],
      "suites": [
        {
          "uuid": "ff772d6e-5046-4054-b138-14ed41262550",
          "title": "try",
          "fullFile": "",
          "file": "",
          "beforeHooks": [],
          "afterHooks": [],
          "tests": [
            {
              "title": "1st",
              "fullTitle": "try 1st",
              "timedOut": null,
              "duration": 139525,
              "state": "failed",
              "speed": null,
              "pass": false,
              "fail": true,
              "pending": false,
              "context": null,
              "code": "cy.visit('https://www.amazon.in/');\ncy.get('[href=\"/mobile-phones/b/?ie=UTF8&node=1389401031&ref_=nav_cs_mobiles\"]').click(); //cy.get(':nth-child(12) > .a-row > :nth-child(1) > .a-list-item > .a-declarative > .a-checkbox > label > input').not('[disabled]')\n//.check().should('be.checked')\ncy.xpath('//*[@id=\"leftNav\"]/ul[5]/div/li[2]/span/span/div/label/input').not('[disabled]').check().should('be.checked');\ncy.xpath('//*[@id=\"p_36/1318507031\"]/span/a').click(); //cy.xpath('//*[@id=\"p_n_is_cod_eligible/4931671031\"]/span/a/div').not('[disabled]')\n//cy.xpath('//*[@id=\"p_n_is_cod_eligible/4931671031\"]/span/a/div/label/input')\n//.check().should('be.checked')\ncy.get('[data-asin=\"B08444S68Q\"] > :nth-child(1) > .celwidget > .s-include-content-margin > .a-spacing-medium > :nth-child(2) > :nth-child(1) > .sg-col-inner > .a-spacing-none > .rush-component > .a-link-normal > .a-section > .s-image').click();",
              "err": {
                "message": "AssertionError: Timed out retrying: Expected to find element: `[data-asin=\"B08444S68Q\"] > :nth-child(1) > .celwidget > .s-include-content-margin > .a-spacing-medium > :nth-child(2) > :nth-child(1) > .sg-col-inner > .a-spacing-none > .rush-component > .a-link-normal > .a-section > .s-image`, but never found it.",
                "estack": "AssertionError: Timed out retrying: Expected to find element: `[data-asin=\"B08444S68Q\"] > :nth-child(1) > .celwidget > .s-include-content-margin > .a-spacing-medium > :nth-child(2) > :nth-child(1) > .sg-col-inner > .a-spacing-none > .rush-component > .a-link-normal > .a-section > .s-image`, but never found it.\n    at Context.eval (https://www.amazon.in/__cypress/tests?p=cypress\\integration\\examples\\amazon.js:16:8)",
                "diff": null
              },
              "uuid": "ebc270b2-0b3e-40e0-b577-cac5f8406126",
              "parentUUID": "ff772d6e-5046-4054-b138-14ed41262550",
              "isHook": false,
              "skipped": false
            },
            {
              "title": "2nd",
              "fullTitle": "try 2nd",
              "timedOut": null,
              "duration": 58089,
              "state": "passed",
              "speed": "slow",
              "pass": true,
              "fail": false,
              "pending": false,
              "context": null,
              "code": "cy.visit('https://www.amazon.in/Samsung-Galaxy-Storage-Additional-Exchange/dp/B08444S68Q/ref=sr_1_10?dchild=1&fst=as%3Aoff&qid=1592423846&refinements=p_89%3ASamsung%2Cp_36%3A1318507031&rnid=1318502031&s=electronics&sr=1-10');",
              "err": {},
              "uuid": "95273525-3ff0-430a-a9d8-3af94fb3e93c",
              "parentUUID": "ff772d6e-5046-4054-b138-14ed41262550",
              "isHook": false,
              "skipped": false
            }
          ],
          "suites": [],
          "passes": [
            "95273525-3ff0-430a-a9d8-3af94fb3e93c"
          ],
          "failures": [
            "ebc270b2-0b3e-40e0-b577-cac5f8406126"
          ],
          "pending": [],
          "skipped": [],
          "duration": 197614,
          "root": false,
          "rootEmpty": false,
          "_timeout": 2000
        }
      ],
      "passes": [],
      "failures": [],
      "pending": [],
      "skipped": [],
      "duration": 0,
      "root": true,
      "rootEmpty": true,
      "_timeout": 2000
    },
    {
      "uuid": "e0e5f5a3-bd9c-4408-b0bd-452607357c71",
      "title": "",
      "fullFile": "cypress\\integration\\examples\\assertions.spec.js",
      "file": "cypress\\integration\\examples\\assertions.spec.js",
      "beforeHooks": [],
      "afterHooks": [],
      "tests": [],
      "suites": [
        {
          "uuid": "4a5a2e1f-aec6-4740-8dc5-92ab695c7b47",
          "title": "Assertions",
          "fullFile": "",
          "file": "",
          "beforeHooks": [],
          "afterHooks": [],
          "tests": [],
          "suites": [
            {
              "uuid": "ccd66524-1d72-46d6-ba80-20e6610d405b",
              "title": "Implicit Assertions",
              "fullFile": "",
              "file": "",
              "beforeHooks": [],
              "afterHooks": [],
              "tests": [
                {
                  "title": ".should() - make an assertion about the current subject",
                  "fullTitle": "Assertions Implicit Assertions .should() - make an assertion about the current subject",
                  "timedOut": null,
                  "duration": 6403,
                  "state": "passed",
                  "speed": "slow",
                  "pass": true,
                  "fail": false,
                  "pending": false,
                  "context": null,
                  "code": "// https://on.cypress.io/should\ncy.get('.assertion-table').find('tbody tr:last').should('have.class', 'success').find('td').first() // checking the text of the <td> element in various ways\n.should('have.text', 'Column content').should('contain', 'Column content').should('have.html', 'Column content') // chai-jquery uses \"is()\" to check if element matches selector\n.should('match', 'td') // to match text content against a regular expression\n// first need to invoke jQuery method text()\n// and then match using regular expression\n.invoke('text').should('match', /column content/i); // a better way to check element's text content against a regular expression\n// is to use \"cy.contains\"\n// https://on.cypress.io/contains\ncy.get('.assertion-table').find('tbody tr:last') // finds first <td> element with text content matching regular expression\n.contains('td', /column content/i).should('be.visible'); // for more information about asserting element's text\n// see https://on.cypress.io/using-cypress-faq#How-do-I-get-an-element’s-text-contents",
                  "err": {},
                  "uuid": "2f2e2fcc-ab04-48d3-9188-b23000404272",
                  "parentUUID": "ccd66524-1d72-46d6-ba80-20e6610d405b",
                  "isHook": false,
                  "skipped": false
                },
                {
                  "title": ".and() - chain multiple assertions together",
                  "fullTitle": "Assertions Implicit Assertions .and() - chain multiple assertions together",
                  "timedOut": null,
                  "duration": 7728,
                  "state": "passed",
                  "speed": "slow",
                  "pass": true,
                  "fail": false,
                  "pending": false,
                  "context": null,
                  "code": "// https://on.cypress.io/and\ncy.get('.assertions-link').should('have.class', 'active').and('have.attr', 'href').and('include', 'cypress.io');",
                  "err": {},
                  "uuid": "09ce0904-0110-48b9-9a58-b17623e66d0a",
                  "parentUUID": "ccd66524-1d72-46d6-ba80-20e6610d405b",
                  "isHook": false,
                  "skipped": false
                }
              ],
              "suites": [],
              "passes": [
                "2f2e2fcc-ab04-48d3-9188-b23000404272",
                "09ce0904-0110-48b9-9a58-b17623e66d0a"
              ],
              "failures": [],
              "pending": [],
              "skipped": [],
              "duration": 14131,
              "root": false,
              "rootEmpty": false,
              "_timeout": 2000
            },
            {
              "uuid": "a059efe6-9cbd-4e98-b12e-660c06e47e94",
              "title": "Explicit Assertions",
              "fullFile": "",
              "file": "",
              "beforeHooks": [],
              "afterHooks": [],
              "tests": [
                {
                  "title": "expect - make an assertion about a specified subject",
                  "fullTitle": "Assertions Explicit Assertions expect - make an assertion about a specified subject",
                  "timedOut": null,
                  "duration": 9798,
                  "state": "passed",
                  "speed": "slow",
                  "pass": true,
                  "fail": false,
                  "pending": false,
                  "context": null,
                  "code": "// We can use Chai's BDD style assertions\nexpect(true).to.be[\"true\"];\nvar o = {\n  foo: 'bar'\n};\nexpect(o).to.equal(o);\nexpect(o).to.deep.equal({\n  foo: 'bar'\n}); // matching text using regular expression\nexpect('FooBar').to.match(/bar$/i);",
                  "err": {},
                  "uuid": "b70c439f-bcc2-4f6e-a686-97bb4577b62f",
                  "parentUUID": "a059efe6-9cbd-4e98-b12e-660c06e47e94",
                  "isHook": false,
                  "skipped": false
                },
                {
                  "title": "pass your own callback function to should()",
                  "fullTitle": "Assertions Explicit Assertions pass your own callback function to should()",
                  "timedOut": null,
                  "duration": 6174,
                  "state": "passed",
                  "speed": "slow",
                  "pass": true,
                  "fail": false,
                  "pending": false,
                  "context": null,
                  "code": "// Pass a function to should that can have any number\n// of explicit assertions within it.\n// The \".should(cb)\" function will be retried\n// automatically until it passes all your explicit assertions or times out.\ncy.get('.assertions-p').find('p').should(function ($p) {\n  // https://on.cypress.io/$\n  // return an array of texts from all of the p's\n  // @ts-ignore TS6133 unused variable\n  var texts = $p.map(function (i, el) {\n    return Cypress.$(el).text();\n  }); // jquery map returns jquery object\n  // and .get() convert this to simple array\n  var paragraphs = texts.get(); // array should have length of 3\n  expect(paragraphs, 'has 3 paragraphs').to.have.length(3); // use second argument to expect(...) to provide clear\n  // message with each assertion\n  expect(paragraphs, 'has expected text in each paragraph').to.deep.eq(['Some text from first p', 'More text from second p', 'And even more text from third p']);\n});",
                  "err": {},
                  "uuid": "a6df6fa0-5680-43ab-ba28-7ac4d57caedd",
                  "parentUUID": "a059efe6-9cbd-4e98-b12e-660c06e47e94",
                  "isHook": false,
                  "skipped": false
                },
                {
                  "title": "finds element by class name regex",
                  "fullTitle": "Assertions Explicit Assertions finds element by class name regex",
                  "timedOut": null,
                  "duration": 5762,
                  "state": "passed",
                  "speed": "slow",
                  "pass": true,
                  "fail": false,
                  "pending": false,
                  "context": null,
                  "code": "cy.get('.docs-header').find('div') // .should(cb) callback function will be retried\n.should(function ($div) {\n  expect($div).to.have.length(1);\n  var className = $div[0].className;\n  expect(className).to.match(/heading-/);\n}) // .then(cb) callback is not retried,\n// it either passes or fails\n.then(function ($div) {\n  expect($div, 'text content').to.have.text('Introduction');\n});",
                  "err": {},
                  "uuid": "f79de61a-ea24-4df8-831f-054b8b8ba611",
                  "parentUUID": "a059efe6-9cbd-4e98-b12e-660c06e47e94",
                  "isHook": false,
                  "skipped": false
                },
                {
                  "title": "can throw any error",
                  "fullTitle": "Assertions Explicit Assertions can throw any error",
                  "timedOut": null,
                  "duration": 7138,
                  "state": "passed",
                  "speed": "slow",
[...]
                "diff": null
              },
              "uuid": "94f6d4ae-2a4b-4a33-8079-715ec5c2e4f2",
              "parentUUID": "e141f177-805a-4b19-a5ce-12ccc4093bfb",
              "isHook": false,
              "skipped": false
            }
          ],
          "suites": [],
          "passes": [],
          "failures": [
            "94f6d4ae-2a4b-4a33-8079-715ec5c2e4f2"
          ],
          "pending": [],
          "skipped": [],
          "duration": 54347,
          "root": false,
          "rootEmpty": false,
          "_timeout": 2000
        }
      ],
      "passes": [],
      "failures": [],
      "pending": [],
      "skipped": [],
      "duration": 0,
      "root": true,
      "rootEmpty": true,
      "_timeout": 2000
    },
    {
      "uuid": "a1f4721f-a1a1-4f25-897f-c97614b82638",
      "title": "",
      "fullFile": "cypress\\integration\\examples\\dependency_testing5.js",
      "file": "cypress\\integration\\examples\\dependency_testing5.js",
      "beforeHooks": [],
      "afterHooks": [],
      "tests": [],
      "suites": [
        {
          "uuid": "d3669e70-a521-4d55-9a7b-68e49c7bf07c",
          "title": "My First Test",
          "fullFile": "",
          "file": "",
          "beforeHooks": [],
          "afterHooks": [],
          "tests": [
            {
              "title": " headings",
              "fullTitle": "My First Test  headings",
              "timedOut": null,
              "duration": 50216,
              "state": "failed",
              "speed": null,
              "pass": false,
              "fail": true,
              "pending": false,
              "context": null,
              "code": "cy.visit('http://automationpractice.com/index.php');\ncy.get('#search_query_top').type('T-Shirts', {\n  delay: 100\n});\ncy.get('.button-search').click({\n  delay: 100\n});\ncy.get('#color_2').click();\ncy.get('#group_1').select('2');\ncy.get('[name=\"Submit\"]').click();\ncy.get('[title=\"Continue shopping\"]').click();\ncy.get('[alt=\"My Store\"]').click();\ncy.get('#homefeatured > .last-item-of-tablet-line.first-item-of-mobile-line > .product-container > .right-block > .button-container > .ajax_add_to_cart_button > span').click();\ncy.get('.continue > span').click();\ncy.get('[alt=\"My Store\"]').click();\ncy.get('#homefeatured > :nth-child(2) > .product-container > .right-block > .button-container > .ajax_add_to_cart_button > span').click();\ncy.get('.continue > span').click();\ncy.get('[alt=\"My Store\"]').click();\ncy.get('#homefeatured > .last-mobile-line > .product-container > .right-block > .button-container > .ajax_add_to_cart_button > span').click();\ncy.get('.continue > span').click();\ncy.get('[title=\"View my shopping cart\"]').click();",
              "err": {
                "message": "CypressError: Timed out retrying: `cy.click()` failed because this element is not visible:\n\n`<span class=\"continue btn btn-default button exclusive-medium\" title=\"Continue shopping\">...</span>`\n\nThis element `<span.continue.btn.btn-default.button.exclusive-medium>` is not visible because its parent `<div#layer_cart>` has CSS property: `display: none`\n\nFix this problem, or use `{force: true}` to disable error checking.\n\nhttps://on.cypress.io/element-cannot-be-interacted-with",
                "estack": "CypressError: Timed out retrying: `cy.click()` failed because this element is not visible:\n\n`<span class=\"continue btn btn-default button exclusive-medium\" title=\"Continue shopping\">...</span>`\n\nThis element `<span.continue.btn.btn-default.button.exclusive-medium>` is not visible because its parent `<div#layer_cart>` has CSS property: `display: none`\n\nFix this problem, or use `{force: true}` to disable error checking.\n\nhttps://on.cypress.io/element-cannot-be-interacted-with\n    at $Cy.ensureVisibility (http://automationpractice.com/__cypress/runner/cypress_runner.js:159751:24)\n    at runAllChecks (http://automationpractice.com/__cypress/runner/cypress_runner.js:148853:14)\n    at retryActionability (http://automationpractice.com/__cypress/runner/cypress_runner.js:148896:16)\n    at tryCatcher (http://automationpractice.com/__cypress/runner/cypress_runner.js:10161:23)\n    at Function.Promise.attempt.Promise.try (http://automationpractice.com/__cypress/runner/cypress_runner.js:7435:29)\n    at tryFn (http://automationpractice.com/__cypress/runner/cypress_runner.js:162997:24)\n    at whenStable (http://automationpractice.com/__cypress/runner/cypress_runner.js:163038:12)\n    at http://automationpractice.com/__cypress/runner/cypress_runner.js:162561:16\n    at tryCatcher (http://automationpractice.com/__cypress/runner/cypress_runner.js:10161:23)\n    at Promise._settlePromiseFromHandler (http://automationpractice.com/__cypress/runner/cypress_runner.js:8096:31)\n    at Promise._settlePromise (http://automationpractice.com/__cypress/runner/cypress_runner.js:8153:18)\n    at Promise._settlePromise0 (http://automationpractice.com/__cypress/runner/cypress_runner.js:8198:10)\n    at Promise._settlePromises (http://automationpractice.com/__cypress/runner/cypress_runner.js:8278:18)\n    at Promise._fulfill (http://automationpractice.com/__cypress/runner/cypress_runner.js:8222:18)\n    at http://automationpractice.com/__cypress/runner/cypress_runner.js:9836:46\nFrom Your Spec Code:\n    at Context.eval (http://automationpractice.com/__cypress/tests?p=cypress\\integration\\examples\\dependency_testing5.js:18:43)",
                "diff": null
              },
              "uuid": "59fa70b1-5e9f-4bd0-9836-fd9358f074a1",
              "parentUUID": "d3669e70-a521-4d55-9a7b-68e49c7bf07c",
              "isHook": false,
              "skipped": false
            },
            {
              "title": "2",
              "fullTitle": "My First Test 2",
              "timedOut": null,
              "duration": 9658,
              "state": "failed",
              "speed": null,
              "pass": false,
              "fail": true,
              "pending": false,
              "context": null,
              "code": "cy.get('#cart_summary > tbody > tr  td:nth-child(4)').each(function (em, no, list) {\n  var text = em.text(); //if(text.includes(\"In stock\"))\n  if (text.includes(\"-20%\")) {\n    cy.get('#cart_summary> tbody > tr  td:nth-child(3)').eq(no).then(function (pname) {\n      var name = pname.text();\n      expect(name).to.equal(\"In stock\");\n    });\n  } //expect(text).to.equal(\"-20%\")\n});",
              "err": {
                "message": "AssertionError: Timed out retrying: Expected to find element: `#cart_summary > tbody > tr  td:nth-child(4)`, but never found it.",
                "estack": "AssertionError: Timed out retrying: Expected to find element: `#cart_summary > tbody > tr  td:nth-child(4)`, but never found it.\n    at Context.eval (http://automationpractice.com/__cypress/tests?p=cypress\\integration\\examples\\dependency_testing5.js:31:8)",
                "diff": null
              },
              "uuid": "b61e7af9-1298-411c-8d64-04a0a4a7bfbf",
              "parentUUID": "d3669e70-a521-4d55-9a7b-68e49c7bf07c",
              "isHook": false,
              "skipped": false
            }
          ],
          "suites": [],
          "passes": [],
          "failures": [
            "59fa70b1-5e9f-4bd0-9836-fd9358f074a1",
            "b61e7af9-1298-411c-8d64-04a0a4a7bfbf"
          ],
          "pending": [],
          "skipped": [],
          "duration": 59874,
          "root": false,
          "rootEmpty": false,
          "_timeout": 2000
        }
      ],
      "passes": [],
      "failures": [],
      "pending": [],
      "skipped": [],
      "duration": 0,
      "root": true,
      "rootEmpty": true,
      "_timeout": 2000
    },
    {
      "uuid": "1d3cc735-4695-427b-8d1c-dc0696e02564",
      "title": "",
      "fullFile": "cypress\\integration\\examples\\fixture.js",
      "file": "cypress\\integration\\examples\\fixture.js",
      "beforeHooks": [],
      "afterHooks": [],
      "tests": [],
      "suites": [
        {
          "uuid": "66c76fe8-21eb-4010-bef2-f48a601b19fd",
          "title": "My First Test",
          "fullFile": "",
          "file": "",
          "beforeHooks": [],
          "afterHooks": [],
          "tests": [
            {
              "title": " headings",
              "fullTitle": "My First Test  headings",
              "timedOut": null,
              "duration": 70070,
              "state": "passed",
              "speed": "slow",
              "pass": true,
              "fail": false,
              "pending": false,
              "context": null,
              "code": "cy.visit('http://automationpractice.com/index.php');\ncy.get('#search_query_top').type('T-Shirts', {\n  delay: 100\n});\ncy.get('.button-search').click({\n  delay: 100\n});\ncy.get('#color_2').click();\ncy.get('#thumb_4').trigger('mouseover');\ncy.get('#group_1').select('2');\ncy.get('[name=\"Submit\"]').click();\ncy.get('[title=\"Continue shopping\"]').click();\ncy.get('[title=\"View my shopping cart\"]').trigger('mouseover');\ncy.get('[alt=\"My Store\"]').click();\ncy.scrollTo('center');\ncy.get('[title=\"View my shopping cart\"]').click();\ncy.get('.cart_navigation > .button > span').click(); //cy.xpath('//a[contains(@href,\"step=1\") and contains(@title,\"Proceed to checkout\")]').click() ( another method to get)\n//cy.get('#email_create').type('absuc27e8y327@gmail.com')\ncy.get('#email_create').type(this.data.emails); //Use this for fixture\n//cy.get('#email_create').should('contain', this.data.emails)\ncy.get('#SubmitCreate').click();",
              "err": {},
              "uuid": "e25e0b98-b226-479d-83d1-d0084de00bde",
              "parentUUID": "66c76fe8-21eb-4010-bef2-f48a601b19fd",
              "isHook": false,
              "skipped": false
            }
          ],
          "suites": [],
          "passes": [
            "e25e0b98-b226-479d-83d1-d0084de00bde"
          ],
          "failures": [],
          "pending": [],
          "skipped": [],
          "duration": 70070,
          "root": false,
          "rootEmpty": false,
          "_timeout": 2000
        }
      ],
      "passes": [],
      "failures": [],
      "pending": [],
      "skipped": [],
      "duration": 0,
      "root": true,
      "rootEmpty": true,
      "_timeout": 2000
    },
    {
      "uuid": "821b9a96-319a-4887-abc8-be4139c931fc",
      "title": "",
      "fullFile": "cypress\\integration\\examples\\fixture(neha).js",
      "file": "cypress\\integration\\examples\\fixture(neha).js",
      "beforeHooks": [],
      "afterHooks": [],
      "tests": [],
      "suites": [
        {
          "uuid": "07e81bcf-b8f2-40bc-bcb1-6e49592d765d",
          "title": "MyTestSuite",
          "fullFile": "",
          "file": "",
          "beforeHooks": [],
          "afterHooks": [],
          "tests": [
            {
              "title": "fixturesdemotest",
              "fullTitle": "MyTestSuite fixturesdemotest",
              "timedOut": null,
              "duration": 61229,
              "state": "passed",
              "speed": "slow",
              "pass": true,
              "fail": false,
              "pending": false,
              "context": null,
              "code": "cy.visit('https://admin-demo.nopcommerce.com/login');\ncy.get('input[name=Email').clear().type(this.data.email); //email\ncy.get('input[name=Password').clear().type(this.data.password); //password\ncy.get('input[type=submit]').click();",
              "err": {},
              "uuid": "72562599-176d-41ab-86d5-fa63a9a4175e",
              "parentUUID": "07e81bcf-b8f2-40bc-bcb1-6e49592d765d",
              "isHook": false,
              "skipped": false
            }
          ],
          "suites": [],
          "passes": [
            "72562599-176d-41ab-86d5-fa63a9a4175e"
          ],
          "failures": [],
          "pending": [],
          "skipped": [],
          "duration": 61229,
          "root": false,
          "rootEmpty": false,
          "_timeout": 2000
        }
      ],
      "passes": [],
      "failures": [],
      "pending": [],
      "skipped": [],
      "duration": 0,
      "root": true,
      "rootEmpty": true,
      "_timeout": 2000
    },
    {
      "uuid": "d145eb41-538e-4995-817e-5a6a2816f0ea",
      "title": "",
      "fullFile": "cypress\\integration\\examples\\fx.js",
      "file": "cypress\\integration\\examples\\fx.js",
      "beforeHooks": [],
      "afterHooks": [],
      "tests": [],
      "suites": [
        {
          "uuid": "7e1ccb1e-6d38-4df9-9cc2-b6a01d3bd7f1",
          "title": "file uplode",
          "fullFile": "",
          "file": "",
          "beforeHooks": [],
          "afterHooks": [],
          "tests": [
            {
              "title": "try",
              "fullTitle": "file uplode try",
              "timedOut": null,
              "duration": 16969,
              "state": "passed",
              "speed": "slow",
              "pass": true,
              "fail": false,
              "pending": false,
              "context": null,
              "code": "cy.visit('http://testautomationpractice.blogspot.com/');\ncy.get('#draggable').trigger('mousedown', {\n  which: 1,\n  pageX: 600,\n  pageY: 100\n}).trigger('mousemove', {\n  which: 1,\n  pageX: 765,\n  pageY: 150\n}).trigger('mouseup');\ncy.get('#gallery > :nth-child(1) > img').trigger('mousedown', {\n  which: 1,\n  pageX: 800,\n  pageY: 100\n}).trigger('mousemove', {\n  which: 1,\n  pageX: 1000,\n  pageY: 400\n}).trigger('mouseup');\ncy.get('.gallery > .ui-widget-content > .ui-icon').click();\ncy.get('[style=\"display: list-item; width: 48px;\"] > .ui-icon').click();",
              "err": {},
              "uuid": "06d26050-50a8-48b7-b5dc-4dfa584492fb",
              "parentUUID": "7e1ccb1e-6d38-4df9-9cc2-b6a01d3bd7f1",
              "isHook": false,
              "skipped": false
            }
          ],
          "suites": [],
          "passes": [
            "06d26050-50a8-48b7-b5dc-4dfa584492fb"
          ],
          "failures": [],
          "pending": [],
          "skipped": [],
          "duration": 16969,
          "root": false,
          "rootEmpty": false,
          "_timeout": 2000
        }
      ],
      "passes": [],
      "failures": [],
      "pending": [],
      "skipped": [],
      "duration": 0,
      "root": true,
      "rootEmpty": true,
      "_timeout": 2000
    },
    {
      "uuid": "f7f23bf4-635d-48b7-b78c-954325ddcb0c",
      "title": "",
      "fullFile": "cypress\\integration\\examples\\page_object.js",
      "file": "cypress\\integration\\examples\\page_object.js",
      "beforeHooks": [],
      "afterHooks": [],
      "tests": [],
      "suites": [
        {
          "uuid": "e9b48ef5-0de5-4a41-8aca-7bf6feccab12",
          "title": "test for POM",
          "fullFile": "",
          "file": "",
          "beforeHooks": [],
          "afterHooks": [],
          "tests": [
            {
              "title": "try",
              "fullTitle": "test for POM try",
              "timedOut": null,
              "duration": 55791,
              "state": "passed",
              "speed": "slow",
              "pass": true,
              "fail": false,
              "pending": false,
              "context": null,
              "code": "var lp = new _login[\"default\"]();\nlp.visit();\nlp.fillEmail('admin@yourstore.com');\nlp.fillpassword('admin');\nlp.submit();",
              "err": {},
              "uuid": "1a7c7000-de09-4f79-82c9-2144af240fc0",
              "parentUUID": "e9b48ef5-0de5-4a41-8aca-7bf6feccab12",
              "isHook": false,
              "skipped": false
            }
          ],
          "suites": [],
          "passes": [
            "1a7c7000-de09-4f79-82c9-2144af240fc0"
          ],
          "failures": [],
          "pending": [],
          "skipped": [],
          "duration": 55791,
          "root": false,
          "rootEmpty": false,
          "_timeout": 2000
        }
      ],
      "passes": [],
      "failures": [],
      "pending": [],
      "skipped": [],
      "duration": 0,
      "root": true,
      "rootEmpty": true,
      "_timeout": 2000
    },
    {
      "uuid": "12028b2b-5bf7-4eb9-b7c9-6918014e2675",
      "title": "",
      "fullFile": "cypress\\integration\\1st_folder\\1st.js",
      "file": "cypress\\integration\\1st_folder\\1st.js",
      "beforeHooks": [],
      "afterHooks": [],
      "tests": [],
      "suites": [
        {
          "uuid": "54cfbc40-5b49-49d7-9399-f19309ac908b",
          "title": "hello",
          "fullFile": "",
          "file": "",
          "beforeHooks": [],
          "afterHooks": [],
          "tests": [
            {
              "title": "hi",
              "fullTitle": "hello hi",
              "timedOut": null,
              "duration": 20929,
              "state": "passed",
              "speed": "slow",
              "pass": true,
              "fail": false,
              "pending": false,
              "context": null,
              "code": "cy.visit('http://automationpractice.com/index.php');",
              "err": {},
              "uuid": "cb93c7f3-abb7-40d2-a131-47a102dc4366",
              "parentUUID": "54cfbc40-5b49-49d7-9399-f19309ac908b",
              "isHook": false,
              "skipped": false
            }
          ],
          "suites": [],
          "passes": [
            "cb93c7f3-abb7-40d2-a131-47a102dc4366"
          ],
          "failures": [],
          "pending": [],
          "skipped": [],
          "duration": 20929,
          "root": false,
          "rootEmpty": false,
          "_timeout": 2000
        }
      ],
      "passes": [],
      "failures": [],
      "pending": [],
      "skipped": [],
      "duration": 0,
      "root": true,
      "rootEmpty": true,
      "_timeout": 2000
    }
  ],
  "meta": {
    "mocha": {
      "version": "7.0.1"
    },
    "mochawesome": {
      "options": {
        "quiet": false,
        "reportFilename": "report",
        "saveHtml": true,
        "saveJson": true,
        "consoleReporter": "spec",
        "useInlineDiffs": false,
        "code": true
      },
      "version": "6.1.1"
    },
    "marge": {
      "options": {
        "reportDir": "cypress/output",
        "reportFilename": "report",
        "overwrite": false,
        "html": true,
        "json": true,
        "charts": true
      },
      "version": "5.1.0"
    }
  }
}